<?xml version="1.0" encoding="UTF-8"?>
<testsuite xmlns:xsi="http://www.w3.org/2001/XMLSchema-instance" xsi:noNamespaceSchemaLocation="https://maven.apache.org/surefire/maven-surefire-plugin/xsd/surefire-test-report-3.0.xsd" version="3.0" name="revolutMoneyTransfer.service.AccountServiceTest" time="0.224" tests="8" errors="0" skipped="0" failures="0">
  <properties>
    <property name="gopherProxySet" value="false"/>
    <property name="awt.toolkit" value="sun.lwawt.macosx.LWCToolkit"/>
    <property name="file.encoding.pkg" value="sun.io"/>
    <property name="java.specification.version" value="1.8"/>
    <property name="sun.cpu.isalist" value=""/>
    <property name="sun.jnu.encoding" value="UTF-8"/>
    <property name="java.class.path" value="/Users/milani/Documents/workspaceMicroservices/money-transfer/target/test-classes:/Users/milani/Documents/workspaceMicroservices/money-transfer/target/classes:/Users/milani/.m2/repository/org/glassfish/jersey/media/jersey-media-json-jackson/2.26-b07/jersey-media-json-jackson-2.26-b07.jar:/Users/milani/.m2/repository/org/glassfish/jersey/core/jersey-common/2.26-b07/jersey-common-2.26-b07.jar:/Users/milani/.m2/repository/javax/annotation/javax.annotation-api/1.2/javax.annotation-api-1.2.jar:/Users/milani/.m2/repository/org/glassfish/hk2/osgi-resource-locator/1.0.1/osgi-resource-locator-1.0.1.jar:/Users/milani/.m2/repository/org/glassfish/jersey/ext/jersey-entity-filtering/2.26-b07/jersey-entity-filtering-2.26-b07.jar:/Users/milani/.m2/repository/com/fasterxml/jackson/jaxrs/jackson-jaxrs-base/2.8.4/jackson-jaxrs-base-2.8.4.jar:/Users/milani/.m2/repository/com/fasterxml/jackson/core/jackson-core/2.8.4/jackson-core-2.8.4.jar:/Users/milani/.m2/repository/com/fasterxml/jackson/core/jackson-databind/2.8.4/jackson-databind-2.8.4.jar:/Users/milani/.m2/repository/com/fasterxml/jackson/jaxrs/jackson-jaxrs-json-provider/2.8.4/jackson-jaxrs-json-provider-2.8.4.jar:/Users/milani/.m2/repository/com/fasterxml/jackson/module/jackson-module-jaxb-annotations/2.8.4/jackson-module-jaxb-annotations-2.8.4.jar:/Users/milani/.m2/repository/com/fasterxml/jackson/core/jackson-annotations/2.8.4/jackson-annotations-2.8.4.jar:/Users/milani/.m2/repository/org/glassfish/jersey/containers/jersey-container-grizzly2-http/2.26-b07/jersey-container-grizzly2-http-2.26-b07.jar:/Users/milani/.m2/repository/org/glassfish/hk2/external/javax.inject/2.5.0-b36/javax.inject-2.5.0-b36.jar:/Users/milani/.m2/repository/org/glassfish/grizzly/grizzly-http-server/2.4.0-beta8/grizzly-http-server-2.4.0-beta8.jar:/Users/milani/.m2/repository/org/glassfish/grizzly/grizzly-http/2.4.0-beta8/grizzly-http-2.4.0-beta8.jar:/Users/milani/.m2/repository/org/glassfish/grizzly/grizzly-framework/2.4.0-beta8/grizzly-framework-2.4.0-beta8.jar:/Users/milani/.m2/repository/org/glassfish/jersey/core/jersey-server/2.26-b07/jersey-server-2.26-b07.jar:/Users/milani/.m2/repository/org/glassfish/jersey/core/jersey-client/2.26-b07/jersey-client-2.26-b07.jar:/Users/milani/.m2/repository/org/glassfish/jersey/media/jersey-media-jaxb/2.26-b07/jersey-media-jaxb-2.26-b07.jar:/Users/milani/.m2/repository/javax/validation/validation-api/1.1.0.Final/validation-api-1.1.0.Final.jar:/Users/milani/.m2/repository/javax/ws/rs/javax.ws.rs-api/2.1-m09/javax.ws.rs-api-2.1-m09.jar:/Users/milani/.m2/repository/org/glassfish/jersey/containers/jersey-container-jdk-http/2.26-b07/jersey-container-jdk-http-2.26-b07.jar:/Users/milani/.m2/repository/org/glassfish/jersey/inject/jersey-hk2/2.26-b07/jersey-hk2-2.26-b07.jar:/Users/milani/.m2/repository/org/glassfish/hk2/hk2-locator/2.5.0-b36/hk2-locator-2.5.0-b36.jar:/Users/milani/.m2/repository/org/glassfish/hk2/external/aopalliance-repackaged/2.5.0-b36/aopalliance-repackaged-2.5.0-b36.jar:/Users/milani/.m2/repository/org/glassfish/hk2/hk2-api/2.5.0-b36/hk2-api-2.5.0-b36.jar:/Users/milani/.m2/repository/org/glassfish/hk2/hk2-utils/2.5.0-b36/hk2-utils-2.5.0-b36.jar:/Users/milani/.m2/repository/junit/junit/4.12/junit-4.12.jar:/Users/milani/.m2/repository/org/hamcrest/hamcrest-core/1.3/hamcrest-core-1.3.jar:/Users/milani/.m2/repository/org/mockito/mockito-inline/2.27.0/mockito-inline-2.27.0.jar:/Users/milani/.m2/repository/org/mockito/mockito-core/2.27.0/mockito-core-2.27.0.jar:/Users/milani/.m2/repository/net/bytebuddy/byte-buddy/1.9.10/byte-buddy-1.9.10.jar:/Users/milani/.m2/repository/net/bytebuddy/byte-buddy-agent/1.9.10/byte-buddy-agent-1.9.10.jar:/Users/milani/.m2/repository/org/objenesis/objenesis/2.6/objenesis-2.6.jar:/Users/milani/.m2/repository/com/h2database/h2/1.4.196/h2-1.4.196.jar:/Users/milani/.m2/repository/org/hibernate/hibernate-core/5.2.10.Final/hibernate-core-5.2.10.Final.jar:/Users/milani/.m2/repository/org/jboss/logging/jboss-logging/3.3.0.Final/jboss-logging-3.3.0.Final.jar:/Users/milani/.m2/repository/org/hibernate/javax/persistence/hibernate-jpa-2.1-api/1.0.0.Final/hibernate-jpa-2.1-api-1.0.0.Final.jar:/Users/milani/.m2/repository/org/javassist/javassist/3.20.0-GA/javassist-3.20.0-GA.jar:/Users/milani/.m2/repository/antlr/antlr/2.7.7/antlr-2.7.7.jar:/Users/milani/.m2/repository/org/jboss/spec/javax/transaction/jboss-transaction-api_1.2_spec/1.0.1.Final/jboss-transaction-api_1.2_spec-1.0.1.Final.jar:/Users/milani/.m2/repository/org/jboss/jandex/2.0.3.Final/jandex-2.0.3.Final.jar:/Users/milani/.m2/repository/com/fasterxml/classmate/1.3.0/classmate-1.3.0.jar:/Users/milani/.m2/repository/dom4j/dom4j/1.6.1/dom4j-1.6.1.jar:/Users/milani/.m2/repository/org/hibernate/common/hibernate-commons-annotations/5.0.1.Final/hibernate-commons-annotations-5.0.1.Final.jar:/Users/milani/.m2/repository/javassist/javassist/3.12.1.GA/javassist-3.12.1.GA.jar:/Users/milani/.m2/repository/com/google/inject/guice/4.1.0/guice-4.1.0.jar:/Users/milani/.m2/repository/javax/inject/javax.inject/1/javax.inject-1.jar:/Users/milani/.m2/repository/aopalliance/aopalliance/1.0/aopalliance-1.0.jar:/Users/milani/.m2/repository/com/google/guava/guava/19.0/guava-19.0.jar:"/>
    <property name="java.vm.vendor" value="Oracle Corporation"/>
    <property name="sun.arch.data.model" value="64"/>
    <property name="java.vendor.url" value="http://java.oracle.com/"/>
    <property name="user.timezone" value=""/>
    <property name="java.vm.specification.version" value="1.8"/>
    <property name="os.name" value="Mac OS X"/>
    <property name="user.country" value="US"/>
    <property name="sun.java.launcher" value="SUN_STANDARD"/>
    <property name="sun.boot.library.path" value="/Library/Java/JavaVirtualMachines/jdk1.8.0_121.jdk/Contents/Home/jre/lib"/>
    <property name="sun.java.command" value="/Users/milani/Documents/workspaceMicroservices/money-transfer/target/surefire/surefirebooter2636804129234984002.jar /Users/milani/Documents/workspaceMicroservices/money-transfer/target/surefire 2019-04-27T17-21-37_439-jvmRun1 surefire3816965502957124674tmp surefire_08331811575243442637tmp"/>
    <property name="http.nonProxyHosts" value="local|*.local|169.254/16|*.169.254/16"/>
    <property name="surefire.test.class.path" value="/Users/milani/Documents/workspaceMicroservices/money-transfer/target/test-classes:/Users/milani/Documents/workspaceMicroservices/money-transfer/target/classes:/Users/milani/.m2/repository/org/glassfish/jersey/media/jersey-media-json-jackson/2.26-b07/jersey-media-json-jackson-2.26-b07.jar:/Users/milani/.m2/repository/org/glassfish/jersey/core/jersey-common/2.26-b07/jersey-common-2.26-b07.jar:/Users/milani/.m2/repository/javax/annotation/javax.annotation-api/1.2/javax.annotation-api-1.2.jar:/Users/milani/.m2/repository/org/glassfish/hk2/osgi-resource-locator/1.0.1/osgi-resource-locator-1.0.1.jar:/Users/milani/.m2/repository/org/glassfish/jersey/ext/jersey-entity-filtering/2.26-b07/jersey-entity-filtering-2.26-b07.jar:/Users/milani/.m2/repository/com/fasterxml/jackson/jaxrs/jackson-jaxrs-base/2.8.4/jackson-jaxrs-base-2.8.4.jar:/Users/milani/.m2/repository/com/fasterxml/jackson/core/jackson-core/2.8.4/jackson-core-2.8.4.jar:/Users/milani/.m2/repository/com/fasterxml/jackson/core/jackson-databind/2.8.4/jackson-databind-2.8.4.jar:/Users/milani/.m2/repository/com/fasterxml/jackson/jaxrs/jackson-jaxrs-json-provider/2.8.4/jackson-jaxrs-json-provider-2.8.4.jar:/Users/milani/.m2/repository/com/fasterxml/jackson/module/jackson-module-jaxb-annotations/2.8.4/jackson-module-jaxb-annotations-2.8.4.jar:/Users/milani/.m2/repository/com/fasterxml/jackson/core/jackson-annotations/2.8.4/jackson-annotations-2.8.4.jar:/Users/milani/.m2/repository/org/glassfish/jersey/containers/jersey-container-grizzly2-http/2.26-b07/jersey-container-grizzly2-http-2.26-b07.jar:/Users/milani/.m2/repository/org/glassfish/hk2/external/javax.inject/2.5.0-b36/javax.inject-2.5.0-b36.jar:/Users/milani/.m2/repository/org/glassfish/grizzly/grizzly-http-server/2.4.0-beta8/grizzly-http-server-2.4.0-beta8.jar:/Users/milani/.m2/repository/org/glassfish/grizzly/grizzly-http/2.4.0-beta8/grizzly-http-2.4.0-beta8.jar:/Users/milani/.m2/repository/org/glassfish/grizzly/grizzly-framework/2.4.0-beta8/grizzly-framework-2.4.0-beta8.jar:/Users/milani/.m2/repository/org/glassfish/jersey/core/jersey-server/2.26-b07/jersey-server-2.26-b07.jar:/Users/milani/.m2/repository/org/glassfish/jersey/core/jersey-client/2.26-b07/jersey-client-2.26-b07.jar:/Users/milani/.m2/repository/org/glassfish/jersey/media/jersey-media-jaxb/2.26-b07/jersey-media-jaxb-2.26-b07.jar:/Users/milani/.m2/repository/javax/validation/validation-api/1.1.0.Final/validation-api-1.1.0.Final.jar:/Users/milani/.m2/repository/javax/ws/rs/javax.ws.rs-api/2.1-m09/javax.ws.rs-api-2.1-m09.jar:/Users/milani/.m2/repository/org/glassfish/jersey/containers/jersey-container-jdk-http/2.26-b07/jersey-container-jdk-http-2.26-b07.jar:/Users/milani/.m2/repository/org/glassfish/jersey/inject/jersey-hk2/2.26-b07/jersey-hk2-2.26-b07.jar:/Users/milani/.m2/repository/org/glassfish/hk2/hk2-locator/2.5.0-b36/hk2-locator-2.5.0-b36.jar:/Users/milani/.m2/repository/org/glassfish/hk2/external/aopalliance-repackaged/2.5.0-b36/aopalliance-repackaged-2.5.0-b36.jar:/Users/milani/.m2/repository/org/glassfish/hk2/hk2-api/2.5.0-b36/hk2-api-2.5.0-b36.jar:/Users/milani/.m2/repository/org/glassfish/hk2/hk2-utils/2.5.0-b36/hk2-utils-2.5.0-b36.jar:/Users/milani/.m2/repository/junit/junit/4.12/junit-4.12.jar:/Users/milani/.m2/repository/org/hamcrest/hamcrest-core/1.3/hamcrest-core-1.3.jar:/Users/milani/.m2/repository/org/mockito/mockito-inline/2.27.0/mockito-inline-2.27.0.jar:/Users/milani/.m2/repository/org/mockito/mockito-core/2.27.0/mockito-core-2.27.0.jar:/Users/milani/.m2/repository/net/bytebuddy/byte-buddy/1.9.10/byte-buddy-1.9.10.jar:/Users/milani/.m2/repository/net/bytebuddy/byte-buddy-agent/1.9.10/byte-buddy-agent-1.9.10.jar:/Users/milani/.m2/repository/org/objenesis/objenesis/2.6/objenesis-2.6.jar:/Users/milani/.m2/repository/com/h2database/h2/1.4.196/h2-1.4.196.jar:/Users/milani/.m2/repository/org/hibernate/hibernate-core/5.2.10.Final/hibernate-core-5.2.10.Final.jar:/Users/milani/.m2/repository/org/jboss/logging/jboss-logging/3.3.0.Final/jboss-logging-3.3.0.Final.jar:/Users/milani/.m2/repository/org/hibernate/javax/persistence/hibernate-jpa-2.1-api/1.0.0.Final/hibernate-jpa-2.1-api-1.0.0.Final.jar:/Users/milani/.m2/repository/org/javassist/javassist/3.20.0-GA/javassist-3.20.0-GA.jar:/Users/milani/.m2/repository/antlr/antlr/2.7.7/antlr-2.7.7.jar:/Users/milani/.m2/repository/org/jboss/spec/javax/transaction/jboss-transaction-api_1.2_spec/1.0.1.Final/jboss-transaction-api_1.2_spec-1.0.1.Final.jar:/Users/milani/.m2/repository/org/jboss/jandex/2.0.3.Final/jandex-2.0.3.Final.jar:/Users/milani/.m2/repository/com/fasterxml/classmate/1.3.0/classmate-1.3.0.jar:/Users/milani/.m2/repository/dom4j/dom4j/1.6.1/dom4j-1.6.1.jar:/Users/milani/.m2/repository/org/hibernate/common/hibernate-commons-annotations/5.0.1.Final/hibernate-commons-annotations-5.0.1.Final.jar:/Users/milani/.m2/repository/javassist/javassist/3.12.1.GA/javassist-3.12.1.GA.jar:/Users/milani/.m2/repository/com/google/inject/guice/4.1.0/guice-4.1.0.jar:/Users/milani/.m2/repository/javax/inject/javax.inject/1/javax.inject-1.jar:/Users/milani/.m2/repository/aopalliance/aopalliance/1.0/aopalliance-1.0.jar:/Users/milani/.m2/repository/com/google/guava/guava/19.0/guava-19.0.jar:"/>
    <property name="sun.cpu.endian" value="little"/>
    <property name="user.home" value="/Users/milani"/>
    <property name="user.language" value="en"/>
    <property name="java.specification.vendor" value="Oracle Corporation"/>
    <property name="java.home" value="/Library/Java/JavaVirtualMachines/jdk1.8.0_121.jdk/Contents/Home/jre"/>
    <property name="basedir" value="/Users/milani/Documents/workspaceMicroservices/money-transfer"/>
    <property name="file.separator" value="/"/>
    <property name="line.separator" value="&#10;"/>
    <property name="java.vm.specification.vendor" value="Oracle Corporation"/>
    <property name="java.specification.name" value="Java Platform API Specification"/>
    <property name="java.awt.graphicsenv" value="sun.awt.CGraphicsEnvironment"/>
    <property name="surefire.real.class.path" value="/Users/milani/Documents/workspaceMicroservices/money-transfer/target/surefire/surefirebooter2636804129234984002.jar"/>
    <property name="sun.boot.class.path" value="/Library/Java/JavaVirtualMachines/jdk1.8.0_121.jdk/Contents/Home/jre/lib/resources.jar:/Library/Java/JavaVirtualMachines/jdk1.8.0_121.jdk/Contents/Home/jre/lib/rt.jar:/Library/Java/JavaVirtualMachines/jdk1.8.0_121.jdk/Contents/Home/jre/lib/sunrsasign.jar:/Library/Java/JavaVirtualMachines/jdk1.8.0_121.jdk/Contents/Home/jre/lib/jsse.jar:/Library/Java/JavaVirtualMachines/jdk1.8.0_121.jdk/Contents/Home/jre/lib/jce.jar:/Library/Java/JavaVirtualMachines/jdk1.8.0_121.jdk/Contents/Home/jre/lib/charsets.jar:/Library/Java/JavaVirtualMachines/jdk1.8.0_121.jdk/Contents/Home/jre/lib/jfr.jar:/Library/Java/JavaVirtualMachines/jdk1.8.0_121.jdk/Contents/Home/jre/classes"/>
    <property name="sun.management.compiler" value="HotSpot 64-Bit Tiered Compilers"/>
    <property name="ftp.nonProxyHosts" value="local|*.local|169.254/16|*.169.254/16"/>
    <property name="java.runtime.version" value="1.8.0_121-b13"/>
    <property name="user.name" value="mymac"/>
    <property name="path.separator" value=":"/>
    <property name="os.version" value="10.14.3"/>
    <property name="java.endorsed.dirs" value="/Library/Java/JavaVirtualMachines/jdk1.8.0_121.jdk/Contents/Home/jre/lib/endorsed"/>
    <property name="java.runtime.name" value="Java(TM) SE Runtime Environment"/>
    <property name="file.encoding" value="UTF-8"/>
    <property name="java.vm.name" value="Java HotSpot(TM) 64-Bit Server VM"/>
    <property name="localRepository" value="/Users/milani/.m2/repository"/>
    <property name="java.vendor.url.bug" value="http://bugreport.sun.com/bugreport/"/>
    <property name="java.io.tmpdir" value="/var/folders/xq/4fxcdv157n9_hv8mbccy67sm0000gn/T/"/>
    <property name="java.version" value="1.8.0_121"/>
    <property name="user.dir" value="/Users/milani/Documents/workspaceMicroservices/money-transfer"/>
    <property name="os.arch" value="x86_64"/>
    <property name="java.vm.specification.name" value="Java Virtual Machine Specification"/>
    <property name="java.awt.printerjob" value="sun.lwawt.macosx.CPrinterJob"/>
    <property name="sun.os.patch.level" value="unknown"/>
    <property name="java.library.path" value="/Users/milani/Library/Java/Extensions:/Library/Java/Extensions:/Network/Library/Java/Extensions:/System/Library/Java/Extensions:/usr/lib/java:."/>
    <property name="java.vm.info" value="mixed mode"/>
    <property name="java.vendor" value="Oracle Corporation"/>
    <property name="java.vm.version" value="25.121-b13"/>
    <property name="java.ext.dirs" value="/Users/milani/Library/Java/Extensions:/Library/Java/JavaVirtualMachines/jdk1.8.0_121.jdk/Contents/Home/jre/lib/ext:/Library/Java/Extensions:/Network/Library/Java/Extensions:/System/Library/Java/Extensions:/usr/lib/java"/>
    <property name="sun.io.unicode.encoding" value="UnicodeBig"/>
    <property name="java.class.version" value="52.0"/>
    <property name="socksNonProxyHosts" value="local|*.local|169.254/16|*.169.254/16"/>
  </properties>
  <testcase name="getBankAccountByIdWithException" classname="revolutMoneyTransfer.service.AccountServiceTest" time="0.094"/>
  <testcase name="updateAccountTest" classname="revolutMoneyTransfer.service.AccountServiceTest" time="0.027"/>
  <testcase name="getBankAccountById" classname="revolutMoneyTransfer.service.AccountServiceTest" time="0"/>
  <testcase name="deleteAccountTest" classname="revolutMoneyTransfer.service.AccountServiceTest" time="0.002"/>
  <testcase name="updateAccountWithException" classname="revolutMoneyTransfer.service.AccountServiceTest" time="0.002"/>
  <testcase name="createAccountTest" classname="revolutMoneyTransfer.service.AccountServiceTest" time="0.002"/>
  <testcase name="getAllBankAccountsTest" classname="revolutMoneyTransfer.service.AccountServiceTest" time="0.001"/>
  <testcase name="accountVerifyTest" classname="revolutMoneyTransfer.service.AccountServiceTest" time="0.001"/>
</testsuite>